  Avatar.cpp
  Canyon.cpp
C:\Federico\01 - UNL\01 - VideoJuegos\1 - Materias\7 - MAV2\06 - Proyecto_Final\Proyecto_Final_MAV2_Eigler\Ragdoll_Canyon_MAV2\Ragdoll_Canyon_MAV2\Ragdoll_Canyon_MAV2\Canyon.cpp(38,16): warning C4244: 'inicializando': conversión de 'double' a 'float'; posible pérdida de datos
C:\Federico\01 - UNL\01 - VideoJuegos\1 - Materias\7 - MAV2\06 - Proyecto_Final\Proyecto_Final_MAV2_Eigler\Ragdoll_Canyon_MAV2\Ragdoll_Canyon_MAV2\Ragdoll_Canyon_MAV2\Canyon.cpp(46,16): warning C4244: 'inicializando': conversión de 'double' a 'float'; posible pérdida de datos
C:\Federico\01 - UNL\01 - VideoJuegos\1 - Materias\7 - MAV2\06 - Proyecto_Final\Proyecto_Final_MAV2_Eigler\Ragdoll_Canyon_MAV2\Ragdoll_Canyon_MAV2\Ragdoll_Canyon_MAV2\Canyon.cpp(55,16): warning C4244: 'inicializando': conversión de 'double' a 'float'; posible pérdida de datos
C:\Federico\01 - UNL\01 - VideoJuegos\1 - Materias\7 - MAV2\06 - Proyecto_Final\Proyecto_Final_MAV2_Eigler\Ragdoll_Canyon_MAV2\Ragdoll_Canyon_MAV2\Ragdoll_Canyon_MAV2\Canyon.cpp(64,16): warning C4244: 'inicializando': conversión de 'double' a 'float'; posible pérdida de datos
  Game.cpp
C:\Federico\01 - UNL\01 - VideoJuegos\1 - Materias\7 - MAV2\06 - Proyecto_Final\Proyecto_Final_MAV2_Eigler\Ragdoll_Canyon_MAV2\Ragdoll_Canyon_MAV2\Ragdoll_Canyon_MAV2\Level2.h(17): warning C4305: 'inicializando': truncamiento de 'double' a 'float'
C:\Federico\01 - UNL\01 - VideoJuegos\1 - Materias\7 - MAV2\06 - Proyecto_Final\Proyecto_Final_MAV2_Eigler\Ragdoll_Canyon_MAV2\Ragdoll_Canyon_MAV2\Ragdoll_Canyon_MAV2\Level1.h(18): warning C4305: 'inicializando': truncamiento de 'double' a 'float'
  Level1.cpp
C:\Federico\01 - UNL\01 - VideoJuegos\1 - Materias\7 - MAV2\06 - Proyecto_Final\Proyecto_Final_MAV2_Eigler\Ragdoll_Canyon_MAV2\Ragdoll_Canyon_MAV2\Ragdoll_Canyon_MAV2\Level2.h(17): warning C4305: 'inicializando': truncamiento de 'double' a 'float'
C:\Federico\01 - UNL\01 - VideoJuegos\1 - Materias\7 - MAV2\06 - Proyecto_Final\Proyecto_Final_MAV2_Eigler\Ragdoll_Canyon_MAV2\Ragdoll_Canyon_MAV2\Ragdoll_Canyon_MAV2\Level1.h(18): warning C4305: 'inicializando': truncamiento de 'double' a 'float'
C:\Federico\01 - UNL\01 - VideoJuegos\1 - Materias\7 - MAV2\06 - Proyecto_Final\Proyecto_Final_MAV2_Eigler\Ragdoll_Canyon_MAV2\Ragdoll_Canyon_MAV2\Ragdoll_Canyon_MAV2\Level1.cpp(19,34): warning C4305: 'argumento': truncamiento de 'double' a 'float'
C:\Federico\01 - UNL\01 - VideoJuegos\1 - Materias\7 - MAV2\06 - Proyecto_Final\Proyecto_Final_MAV2_Eigler\Ragdoll_Canyon_MAV2\Ragdoll_Canyon_MAV2\Ragdoll_Canyon_MAV2\Level1.cpp(25,25): warning C4305: 'argumento': truncamiento de 'double' a 'float'
C:\Federico\01 - UNL\01 - VideoJuegos\1 - Materias\7 - MAV2\06 - Proyecto_Final\Proyecto_Final_MAV2_Eigler\Ragdoll_Canyon_MAV2\Ragdoll_Canyon_MAV2\Ragdoll_Canyon_MAV2\Level1.cpp(29,26): warning C4305: 'argumento': truncamiento de 'double' a 'float'
C:\Federico\01 - UNL\01 - VideoJuegos\1 - Materias\7 - MAV2\06 - Proyecto_Final\Proyecto_Final_MAV2_Eigler\Ragdoll_Canyon_MAV2\Ragdoll_Canyon_MAV2\Ragdoll_Canyon_MAV2\Level1.cpp(30,27): warning C4305: 'argumento': truncamiento de 'double' a 'float'
C:\Federico\01 - UNL\01 - VideoJuegos\1 - Materias\7 - MAV2\06 - Proyecto_Final\Proyecto_Final_MAV2_Eigler\Ragdoll_Canyon_MAV2\Ragdoll_Canyon_MAV2\Ragdoll_Canyon_MAV2\Level1.cpp(36,30): warning C4305: 'argumento': truncamiento de 'double' a 'float'
C:\Federico\01 - UNL\01 - VideoJuegos\1 - Materias\7 - MAV2\06 - Proyecto_Final\Proyecto_Final_MAV2_Eigler\Ragdoll_Canyon_MAV2\Ragdoll_Canyon_MAV2\Ragdoll_Canyon_MAV2\Level1.cpp(41,31): warning C4305: 'argumento': truncamiento de 'double' a 'float'
C:\Federico\01 - UNL\01 - VideoJuegos\1 - Materias\7 - MAV2\06 - Proyecto_Final\Proyecto_Final_MAV2_Eigler\Ragdoll_Canyon_MAV2\Ragdoll_Canyon_MAV2\Ragdoll_Canyon_MAV2\Level1.cpp(46,26): warning C4305: 'argumento': truncamiento de 'double' a 'float'
C:\Federico\01 - UNL\01 - VideoJuegos\1 - Materias\7 - MAV2\06 - Proyecto_Final\Proyecto_Final_MAV2_Eigler\Ragdoll_Canyon_MAV2\Ragdoll_Canyon_MAV2\Ragdoll_Canyon_MAV2\Level1.cpp(51,29): warning C4305: 'argumento': truncamiento de 'double' a 'float'
C:\Federico\01 - UNL\01 - VideoJuegos\1 - Materias\7 - MAV2\06 - Proyecto_Final\Proyecto_Final_MAV2_Eigler\Ragdoll_Canyon_MAV2\Ragdoll_Canyon_MAV2\Ragdoll_Canyon_MAV2\Level1.cpp(52,30): warning C4305: 'argumento': truncamiento de 'double' a 'float'
C:\Federico\01 - UNL\01 - VideoJuegos\1 - Materias\7 - MAV2\06 - Proyecto_Final\Proyecto_Final_MAV2_Eigler\Ragdoll_Canyon_MAV2\Ragdoll_Canyon_MAV2\Ragdoll_Canyon_MAV2\Level1.cpp(56,29): warning C4305: 'argumento': truncamiento de 'double' a 'float'
C:\Federico\01 - UNL\01 - VideoJuegos\1 - Materias\7 - MAV2\06 - Proyecto_Final\Proyecto_Final_MAV2_Eigler\Ragdoll_Canyon_MAV2\Ragdoll_Canyon_MAV2\Ragdoll_Canyon_MAV2\Level1.cpp(61,25): warning C4305: 'argumento': truncamiento de 'double' a 'float'
C:\Federico\01 - UNL\01 - VideoJuegos\1 - Materias\7 - MAV2\06 - Proyecto_Final\Proyecto_Final_MAV2_Eigler\Ragdoll_Canyon_MAV2\Ragdoll_Canyon_MAV2\Ragdoll_Canyon_MAV2\Level1.cpp(172,20): warning C4018: '<': no coinciden signed/unsigned
C:\Federico\01 - UNL\01 - VideoJuegos\1 - Materias\7 - MAV2\06 - Proyecto_Final\Proyecto_Final_MAV2_Eigler\Ragdoll_Canyon_MAV2\Ragdoll_Canyon_MAV2\Ragdoll_Canyon_MAV2\Level1.cpp(277,22): warning C4018: '<': no coinciden signed/unsigned
C:\Federico\01 - UNL\01 - VideoJuegos\1 - Materias\7 - MAV2\06 - Proyecto_Final\Proyecto_Final_MAV2_Eigler\Ragdoll_Canyon_MAV2\Ragdoll_Canyon_MAV2\Ragdoll_Canyon_MAV2\Level1.cpp(329,20): warning C4018: '<': no coinciden signed/unsigned
  Level2.cpp
C:\Federico\01 - UNL\01 - VideoJuegos\1 - Materias\7 - MAV2\06 - Proyecto_Final\Proyecto_Final_MAV2_Eigler\Ragdoll_Canyon_MAV2\Ragdoll_Canyon_MAV2\Ragdoll_Canyon_MAV2\Level1.h(18): warning C4305: 'inicializando': truncamiento de 'double' a 'float'
C:\Federico\01 - UNL\01 - VideoJuegos\1 - Materias\7 - MAV2\06 - Proyecto_Final\Proyecto_Final_MAV2_Eigler\Ragdoll_Canyon_MAV2\Ragdoll_Canyon_MAV2\Ragdoll_Canyon_MAV2\Level2.h(17): warning C4305: 'inicializando': truncamiento de 'double' a 'float'
C:\Federico\01 - UNL\01 - VideoJuegos\1 - Materias\7 - MAV2\06 - Proyecto_Final\Proyecto_Final_MAV2_Eigler\Ragdoll_Canyon_MAV2\Ragdoll_Canyon_MAV2\Ragdoll_Canyon_MAV2\Level2.cpp(24,37): warning C4305: 'argumento': truncamiento de 'double' a 'float'
C:\Federico\01 - UNL\01 - VideoJuegos\1 - Materias\7 - MAV2\06 - Proyecto_Final\Proyecto_Final_MAV2_Eigler\Ragdoll_Canyon_MAV2\Ragdoll_Canyon_MAV2\Ragdoll_Canyon_MAV2\Level2.cpp(30,25): warning C4305: 'argumento': truncamiento de 'double' a 'float'
C:\Federico\01 - UNL\01 - VideoJuegos\1 - Materias\7 - MAV2\06 - Proyecto_Final\Proyecto_Final_MAV2_Eigler\Ragdoll_Canyon_MAV2\Ragdoll_Canyon_MAV2\Ragdoll_Canyon_MAV2\Level2.cpp(34,26): warning C4305: 'argumento': truncamiento de 'double' a 'float'
C:\Federico\01 - UNL\01 - VideoJuegos\1 - Materias\7 - MAV2\06 - Proyecto_Final\Proyecto_Final_MAV2_Eigler\Ragdoll_Canyon_MAV2\Ragdoll_Canyon_MAV2\Ragdoll_Canyon_MAV2\Level2.cpp(35,27): warning C4305: 'argumento': truncamiento de 'double' a 'float'
C:\Federico\01 - UNL\01 - VideoJuegos\1 - Materias\7 - MAV2\06 - Proyecto_Final\Proyecto_Final_MAV2_Eigler\Ragdoll_Canyon_MAV2\Ragdoll_Canyon_MAV2\Ragdoll_Canyon_MAV2\Level2.cpp(41,30): warning C4305: 'argumento': truncamiento de 'double' a 'float'
C:\Federico\01 - UNL\01 - VideoJuegos\1 - Materias\7 - MAV2\06 - Proyecto_Final\Proyecto_Final_MAV2_Eigler\Ragdoll_Canyon_MAV2\Ragdoll_Canyon_MAV2\Ragdoll_Canyon_MAV2\Level2.cpp(46,26): warning C4305: 'argumento': truncamiento de 'double' a 'float'
C:\Federico\01 - UNL\01 - VideoJuegos\1 - Materias\7 - MAV2\06 - Proyecto_Final\Proyecto_Final_MAV2_Eigler\Ragdoll_Canyon_MAV2\Ragdoll_Canyon_MAV2\Ragdoll_Canyon_MAV2\Level2.cpp(51,29): warning C4305: 'argumento': truncamiento de 'double' a 'float'
C:\Federico\01 - UNL\01 - VideoJuegos\1 - Materias\7 - MAV2\06 - Proyecto_Final\Proyecto_Final_MAV2_Eigler\Ragdoll_Canyon_MAV2\Ragdoll_Canyon_MAV2\Ragdoll_Canyon_MAV2\Level2.cpp(52,30): warning C4305: 'argumento': truncamiento de 'double' a 'float'
C:\Federico\01 - UNL\01 - VideoJuegos\1 - Materias\7 - MAV2\06 - Proyecto_Final\Proyecto_Final_MAV2_Eigler\Ragdoll_Canyon_MAV2\Ragdoll_Canyon_MAV2\Ragdoll_Canyon_MAV2\Level2.cpp(56,29): warning C4305: 'argumento': truncamiento de 'double' a 'float'
C:\Federico\01 - UNL\01 - VideoJuegos\1 - Materias\7 - MAV2\06 - Proyecto_Final\Proyecto_Final_MAV2_Eigler\Ragdoll_Canyon_MAV2\Ragdoll_Canyon_MAV2\Ragdoll_Canyon_MAV2\Level2.cpp(279,20): warning C4018: '<': no coinciden signed/unsigned
C:\Federico\01 - UNL\01 - VideoJuegos\1 - Materias\7 - MAV2\06 - Proyecto_Final\Proyecto_Final_MAV2_Eigler\Ragdoll_Canyon_MAV2\Ragdoll_Canyon_MAV2\Ragdoll_Canyon_MAV2\Level2.cpp(378,22): warning C4018: '<': no coinciden signed/unsigned
C:\Federico\01 - UNL\01 - VideoJuegos\1 - Materias\7 - MAV2\06 - Proyecto_Final\Proyecto_Final_MAV2_Eigler\Ragdoll_Canyon_MAV2\Ragdoll_Canyon_MAV2\Ragdoll_Canyon_MAV2\Level2.cpp(439,20): warning C4018: '<': no coinciden signed/unsigned
  main.cpp
  Menu.cpp
C:\Federico\01 - UNL\01 - VideoJuegos\1 - Materias\7 - MAV2\06 - Proyecto_Final\Proyecto_Final_MAV2_Eigler\Ragdoll_Canyon_MAV2\Ragdoll_Canyon_MAV2\Ragdoll_Canyon_MAV2\Level2.h(17): warning C4305: 'inicializando': truncamiento de 'double' a 'float'
C:\Federico\01 - UNL\01 - VideoJuegos\1 - Materias\7 - MAV2\06 - Proyecto_Final\Proyecto_Final_MAV2_Eigler\Ragdoll_Canyon_MAV2\Ragdoll_Canyon_MAV2\Ragdoll_Canyon_MAV2\Level1.h(18): warning C4305: 'inicializando': truncamiento de 'double' a 'float'
  MyContactListener.cpp
  Netherite.cpp
C:\Federico\01 - UNL\01 - VideoJuegos\1 - Materias\7 - MAV2\06 - Proyecto_Final\Proyecto_Final_MAV2_Eigler\Ragdoll_Canyon_MAV2\Ragdoll_Canyon_MAV2\Ragdoll_Canyon_MAV2\Netherite.cpp(20,35): warning C4305: '=': truncamiento de 'double' a 'float'
C:\Federico\01 - UNL\01 - VideoJuegos\1 - Materias\7 - MAV2\06 - Proyecto_Final\Proyecto_Final_MAV2_Eigler\Ragdoll_Canyon_MAV2\Ragdoll_Canyon_MAV2\Ragdoll_Canyon_MAV2\Netherite.cpp(21,40): warning C4305: '=': truncamiento de 'double' a 'float'
  Ragdoll.cpp
C:\Federico\01 - UNL\01 - VideoJuegos\1 - Materias\7 - MAV2\06 - Proyecto_Final\Proyecto_Final_MAV2_Eigler\Ragdoll_Canyon_MAV2\Ragdoll_Canyon_MAV2\Ragdoll_Canyon_MAV2\Ragdoll.cpp(42,32): warning C4244: 'argumento': conversión de 'double' a 'float'; posible pérdida de datos
C:\Federico\01 - UNL\01 - VideoJuegos\1 - Materias\7 - MAV2\06 - Proyecto_Final\Proyecto_Final_MAV2_Eigler\Ragdoll_Canyon_MAV2\Ragdoll_Canyon_MAV2\Ragdoll_Canyon_MAV2\Ragdoll.cpp(42,27): warning C4244: 'argumento': conversión de 'int' a 'float'; posible pérdida de datos
C:\Federico\01 - UNL\01 - VideoJuegos\1 - Materias\7 - MAV2\06 - Proyecto_Final\Proyecto_Final_MAV2_Eigler\Ragdoll_Canyon_MAV2\Ragdoll_Canyon_MAV2\Ragdoll_Canyon_MAV2\Ragdoll.cpp(65,32): warning C4244: 'argumento': conversión de 'int' a 'float'; posible pérdida de datos
C:\Federico\01 - UNL\01 - VideoJuegos\1 - Materias\7 - MAV2\06 - Proyecto_Final\Proyecto_Final_MAV2_Eigler\Ragdoll_Canyon_MAV2\Ragdoll_Canyon_MAV2\Ragdoll_Canyon_MAV2\Ragdoll.cpp(65,29): warning C4244: 'argumento': conversión de 'int' a 'float'; posible pérdida de datos
C:\Federico\01 - UNL\01 - VideoJuegos\1 - Materias\7 - MAV2\06 - Proyecto_Final\Proyecto_Final_MAV2_Eigler\Ragdoll_Canyon_MAV2\Ragdoll_Canyon_MAV2\Ragdoll_Canyon_MAV2\Ragdoll.cpp(69,31): warning C4305: '=': truncamiento de 'double' a 'float'
C:\Federico\01 - UNL\01 - VideoJuegos\1 - Materias\7 - MAV2\06 - Proyecto_Final\Proyecto_Final_MAV2_Eigler\Ragdoll_Canyon_MAV2\Ragdoll_Canyon_MAV2\Ragdoll_Canyon_MAV2\Ragdoll.cpp(70,34): warning C4305: '=': truncamiento de 'double' a 'float'
C:\Federico\01 - UNL\01 - VideoJuegos\1 - Materias\7 - MAV2\06 - Proyecto_Final\Proyecto_Final_MAV2_Eigler\Ragdoll_Canyon_MAV2\Ragdoll_Canyon_MAV2\Ragdoll_Canyon_MAV2\Ragdoll.cpp(88,40): warning C4244: 'argumento': conversión de 'int' a 'float'; posible pérdida de datos
C:\Federico\01 - UNL\01 - VideoJuegos\1 - Materias\7 - MAV2\06 - Proyecto_Final\Proyecto_Final_MAV2_Eigler\Ragdoll_Canyon_MAV2\Ragdoll_Canyon_MAV2\Ragdoll_Canyon_MAV2\Ragdoll.cpp(88,33): warning C4244: 'argumento': conversión de 'double' a 'float'; posible pérdida de datos
C:\Federico\01 - UNL\01 - VideoJuegos\1 - Materias\7 - MAV2\06 - Proyecto_Final\Proyecto_Final_MAV2_Eigler\Ragdoll_Canyon_MAV2\Ragdoll_Canyon_MAV2\Ragdoll_Canyon_MAV2\Ragdoll.cpp(90,31): warning C4305: 'argumento': truncamiento de 'double' a 'float'
C:\Federico\01 - UNL\01 - VideoJuegos\1 - Materias\7 - MAV2\06 - Proyecto_Final\Proyecto_Final_MAV2_Eigler\Ragdoll_Canyon_MAV2\Ragdoll_Canyon_MAV2\Ragdoll_Canyon_MAV2\Ragdoll.cpp(109,41): warning C4244: 'argumento': conversión de 'int' a 'float'; posible pérdida de datos
C:\Federico\01 - UNL\01 - VideoJuegos\1 - Materias\7 - MAV2\06 - Proyecto_Final\Proyecto_Final_MAV2_Eigler\Ragdoll_Canyon_MAV2\Ragdoll_Canyon_MAV2\Ragdoll_Canyon_MAV2\Ragdoll.cpp(109,34): warning C4244: 'argumento': conversión de 'double' a 'float'; posible pérdida de datos
C:\Federico\01 - UNL\01 - VideoJuegos\1 - Materias\7 - MAV2\06 - Proyecto_Final\Proyecto_Final_MAV2_Eigler\Ragdoll_Canyon_MAV2\Ragdoll_Canyon_MAV2\Ragdoll_Canyon_MAV2\Ragdoll.cpp(111,32): warning C4305: 'argumento': truncamiento de 'double' a 'float'
C:\Federico\01 - UNL\01 - VideoJuegos\1 - Materias\7 - MAV2\06 - Proyecto_Final\Proyecto_Final_MAV2_Eigler\Ragdoll_Canyon_MAV2\Ragdoll_Canyon_MAV2\Ragdoll_Canyon_MAV2\Ragdoll.cpp(132,42): warning C4244: 'argumento': conversión de 'double' a 'float'; posible pérdida de datos
C:\Federico\01 - UNL\01 - VideoJuegos\1 - Materias\7 - MAV2\06 - Proyecto_Final\Proyecto_Final_MAV2_Eigler\Ragdoll_Canyon_MAV2\Ragdoll_Canyon_MAV2\Ragdoll_Canyon_MAV2\Ragdoll.cpp(132,33): warning C4244: 'argumento': conversión de 'double' a 'float'; posible pérdida de datos
C:\Federico\01 - UNL\01 - VideoJuegos\1 - Materias\7 - MAV2\06 - Proyecto_Final\Proyecto_Final_MAV2_Eigler\Ragdoll_Canyon_MAV2\Ragdoll_Canyon_MAV2\Ragdoll_Canyon_MAV2\Ragdoll.cpp(134,31): warning C4305: 'argumento': truncamiento de 'double' a 'float'
C:\Federico\01 - UNL\01 - VideoJuegos\1 - Materias\7 - MAV2\06 - Proyecto_Final\Proyecto_Final_MAV2_Eigler\Ragdoll_Canyon_MAV2\Ragdoll_Canyon_MAV2\Ragdoll_Canyon_MAV2\Ragdoll.cpp(153,43): warning C4244: 'argumento': conversión de 'double' a 'float'; posible pérdida de datos
C:\Federico\01 - UNL\01 - VideoJuegos\1 - Materias\7 - MAV2\06 - Proyecto_Final\Proyecto_Final_MAV2_Eigler\Ragdoll_Canyon_MAV2\Ragdoll_Canyon_MAV2\Ragdoll_Canyon_MAV2\Ragdoll.cpp(153,34): warning C4244: 'argumento': conversión de 'double' a 'float'; posible pérdida de datos
C:\Federico\01 - UNL\01 - VideoJuegos\1 - Materias\7 - MAV2\06 - Proyecto_Final\Proyecto_Final_MAV2_Eigler\Ragdoll_Canyon_MAV2\Ragdoll_Canyon_MAV2\Ragdoll_Canyon_MAV2\Ragdoll.cpp(155,32): warning C4305: 'argumento': truncamiento de 'double' a 'float'
C:\Federico\01 - UNL\01 - VideoJuegos\1 - Materias\7 - MAV2\06 - Proyecto_Final\Proyecto_Final_MAV2_Eigler\Ragdoll_Canyon_MAV2\Ragdoll_Canyon_MAV2\Ragdoll_Canyon_MAV2\Ragdoll.cpp(177,89): warning C4244: 'argumento': conversión de 'double' a 'float'; posible pérdida de datos
C:\Federico\01 - UNL\01 - VideoJuegos\1 - Materias\7 - MAV2\06 - Proyecto_Final\Proyecto_Final_MAV2_Eigler\Ragdoll_Canyon_MAV2\Ragdoll_Canyon_MAV2\Ragdoll_Canyon_MAV2\Ragdoll.cpp(177,52): warning C4244: 'argumento': conversión de 'double' a 'float'; posible pérdida de datos
C:\Federico\01 - UNL\01 - VideoJuegos\1 - Materias\7 - MAV2\06 - Proyecto_Final\Proyecto_Final_MAV2_Eigler\Ragdoll_Canyon_MAV2\Ragdoll_Canyon_MAV2\Ragdoll_Canyon_MAV2\Ragdoll.cpp(180,54): warning C4305: '=': truncamiento de 'double' a 'float'
C:\Federico\01 - UNL\01 - VideoJuegos\1 - Materias\7 - MAV2\06 - Proyecto_Final\Proyecto_Final_MAV2_Eigler\Ragdoll_Canyon_MAV2\Ragdoll_Canyon_MAV2\Ragdoll_Canyon_MAV2\Ragdoll.cpp(187,91): warning C4244: 'argumento': conversión de 'double' a 'float'; posible pérdida de datos
C:\Federico\01 - UNL\01 - VideoJuegos\1 - Materias\7 - MAV2\06 - Proyecto_Final\Proyecto_Final_MAV2_Eigler\Ragdoll_Canyon_MAV2\Ragdoll_Canyon_MAV2\Ragdoll_Canyon_MAV2\Ragdoll.cpp(187,53): warning C4244: 'argumento': conversión de 'double' a 'float'; posible pérdida de datos
C:\Federico\01 - UNL\01 - VideoJuegos\1 - Materias\7 - MAV2\06 - Proyecto_Final\Proyecto_Final_MAV2_Eigler\Ragdoll_Canyon_MAV2\Ragdoll_Canyon_MAV2\Ragdoll_Canyon_MAV2\Ragdoll.cpp(191,53): warning C4305: '=': truncamiento de 'double' a 'float'
C:\Federico\01 - UNL\01 - VideoJuegos\1 - Materias\7 - MAV2\06 - Proyecto_Final\Proyecto_Final_MAV2_Eigler\Ragdoll_Canyon_MAV2\Ragdoll_Canyon_MAV2\Ragdoll_Canyon_MAV2\Ragdoll.cpp(197,91): warning C4244: 'argumento': conversión de 'double' a 'float'; posible pérdida de datos
C:\Federico\01 - UNL\01 - VideoJuegos\1 - Materias\7 - MAV2\06 - Proyecto_Final\Proyecto_Final_MAV2_Eigler\Ragdoll_Canyon_MAV2\Ragdoll_Canyon_MAV2\Ragdoll_Canyon_MAV2\Ragdoll.cpp(197,53): warning C4244: 'argumento': conversión de 'double' a 'float'; posible pérdida de datos
C:\Federico\01 - UNL\01 - VideoJuegos\1 - Materias\7 - MAV2\06 - Proyecto_Final\Proyecto_Final_MAV2_Eigler\Ragdoll_Canyon_MAV2\Ragdoll_Canyon_MAV2\Ragdoll_Canyon_MAV2\Ragdoll.cpp(201,53): warning C4305: '=': truncamiento de 'double' a 'float'
C:\Federico\01 - UNL\01 - VideoJuegos\1 - Materias\7 - MAV2\06 - Proyecto_Final\Proyecto_Final_MAV2_Eigler\Ragdoll_Canyon_MAV2\Ragdoll_Canyon_MAV2\Ragdoll_Canyon_MAV2\Ragdoll.cpp(207,89): warning C4244: 'argumento': conversión de 'double' a 'float'; posible pérdida de datos
C:\Federico\01 - UNL\01 - VideoJuegos\1 - Materias\7 - MAV2\06 - Proyecto_Final\Proyecto_Final_MAV2_Eigler\Ragdoll_Canyon_MAV2\Ragdoll_Canyon_MAV2\Ragdoll_Canyon_MAV2\Ragdoll.cpp(207,52): warning C4244: 'argumento': conversión de 'double' a 'float'; posible pérdida de datos
C:\Federico\01 - UNL\01 - VideoJuegos\1 - Materias\7 - MAV2\06 - Proyecto_Final\Proyecto_Final_MAV2_Eigler\Ragdoll_Canyon_MAV2\Ragdoll_Canyon_MAV2\Ragdoll_Canyon_MAV2\Ragdoll.cpp(210,54): warning C4305: '=': truncamiento de 'double' a 'float'
C:\Federico\01 - UNL\01 - VideoJuegos\1 - Materias\7 - MAV2\06 - Proyecto_Final\Proyecto_Final_MAV2_Eigler\Ragdoll_Canyon_MAV2\Ragdoll_Canyon_MAV2\Ragdoll_Canyon_MAV2\Ragdoll.cpp(211,53): warning C4305: '=': truncamiento de 'double' a 'float'
  Scene.cpp
  Tree.cpp
C:\Federico\01 - UNL\01 - VideoJuegos\1 - Materias\7 - MAV2\06 - Proyecto_Final\Proyecto_Final_MAV2_Eigler\Ragdoll_Canyon_MAV2\Ragdoll_Canyon_MAV2\Ragdoll_Canyon_MAV2\Tree.cpp(30,32): warning C4305: '=': truncamiento de 'double' a 'float'
C:\Federico\01 - UNL\01 - VideoJuegos\1 - Materias\7 - MAV2\06 - Proyecto_Final\Proyecto_Final_MAV2_Eigler\Ragdoll_Canyon_MAV2\Ragdoll_Canyon_MAV2\Ragdoll_Canyon_MAV2\Tree.cpp(31,35): warning C4305: '=': truncamiento de 'double' a 'float'
C:\Federico\01 - UNL\01 - VideoJuegos\1 - Materias\7 - MAV2\06 - Proyecto_Final\Proyecto_Final_MAV2_Eigler\Ragdoll_Canyon_MAV2\Ragdoll_Canyon_MAV2\Ragdoll_Canyon_MAV2\Tree.cpp(47,32): warning C4305: '=': truncamiento de 'double' a 'float'
C:\Federico\01 - UNL\01 - VideoJuegos\1 - Materias\7 - MAV2\06 - Proyecto_Final\Proyecto_Final_MAV2_Eigler\Ragdoll_Canyon_MAV2\Ragdoll_Canyon_MAV2\Ragdoll_Canyon_MAV2\Tree.cpp(48,35): warning C4305: '=': truncamiento de 'double' a 'float'
C:\Federico\01 - UNL\01 - VideoJuegos\1 - Materias\7 - MAV2\06 - Proyecto_Final\Proyecto_Final_MAV2_Eigler\Ragdoll_Canyon_MAV2\Ragdoll_Canyon_MAV2\Ragdoll_Canyon_MAV2\Tree.cpp(64,32): warning C4305: '=': truncamiento de 'double' a 'float'
C:\Federico\01 - UNL\01 - VideoJuegos\1 - Materias\7 - MAV2\06 - Proyecto_Final\Proyecto_Final_MAV2_Eigler\Ragdoll_Canyon_MAV2\Ragdoll_Canyon_MAV2\Ragdoll_Canyon_MAV2\Tree.cpp(65,35): warning C4305: '=': truncamiento de 'double' a 'float'
C:\Federico\01 - UNL\01 - VideoJuegos\1 - Materias\7 - MAV2\06 - Proyecto_Final\Proyecto_Final_MAV2_Eigler\Ragdoll_Canyon_MAV2\Ragdoll_Canyon_MAV2\Ragdoll_Canyon_MAV2\Tree.cpp(81,32): warning C4305: '=': truncamiento de 'double' a 'float'
C:\Federico\01 - UNL\01 - VideoJuegos\1 - Materias\7 - MAV2\06 - Proyecto_Final\Proyecto_Final_MAV2_Eigler\Ragdoll_Canyon_MAV2\Ragdoll_Canyon_MAV2\Ragdoll_Canyon_MAV2\Tree.cpp(82,35): warning C4305: '=': truncamiento de 'double' a 'float'
C:\Federico\01 - UNL\01 - VideoJuegos\1 - Materias\7 - MAV2\06 - Proyecto_Final\Proyecto_Final_MAV2_Eigler\Ragdoll_Canyon_MAV2\Ragdoll_Canyon_MAV2\Ragdoll_Canyon_MAV2\Tree.cpp(98,32): warning C4305: '=': truncamiento de 'double' a 'float'
C:\Federico\01 - UNL\01 - VideoJuegos\1 - Materias\7 - MAV2\06 - Proyecto_Final\Proyecto_Final_MAV2_Eigler\Ragdoll_Canyon_MAV2\Ragdoll_Canyon_MAV2\Ragdoll_Canyon_MAV2\Tree.cpp(99,35): warning C4305: '=': truncamiento de 'double' a 'float'
C:\Federico\01 - UNL\01 - VideoJuegos\1 - Materias\7 - MAV2\06 - Proyecto_Final\Proyecto_Final_MAV2_Eigler\Ragdoll_Canyon_MAV2\Ragdoll_Canyon_MAV2\Ragdoll_Canyon_MAV2\Tree.cpp(115,32): warning C4305: '=': truncamiento de 'double' a 'float'
C:\Federico\01 - UNL\01 - VideoJuegos\1 - Materias\7 - MAV2\06 - Proyecto_Final\Proyecto_Final_MAV2_Eigler\Ragdoll_Canyon_MAV2\Ragdoll_Canyon_MAV2\Ragdoll_Canyon_MAV2\Tree.cpp(116,35): warning C4305: '=': truncamiento de 'double' a 'float'
  Generando código...
C:\Federico\01 - UNL\01 - VideoJuegos\1 - Materias\7 - MAV2\06 - Proyecto_Final\Proyecto_Final_MAV2_Eigler\Ragdoll_Canyon_MAV2\Ragdoll_Canyon_MAV2\Ragdoll_Canyon_MAV2\Canyon.cpp(85): warning C4715: 'Canyon::getDistance': no todas las rutas de acceso de control devuelven un valor
  Ragdoll_Canyon_MAV2.vcxproj -> C:\Federico\01 - UNL\01 - VideoJuegos\1 - Materias\7 - MAV2\06 - Proyecto_Final\Proyecto_Final_MAV2_Eigler\Ragdoll_Canyon_MAV2\Ragdoll_Canyon_MAV2\Debug\Ragdoll_Canyon_MAV2.exe
